# JRE version: Java(TM) SE Runtime Environment (8.0_181-b13) (build 1.8.0_181-b13)
# Java VM: Java HotSpot(TM) 64-Bit Server VM (25.181-b13 mixed mode windows-amd64 compressed oops)
Heap:
 PSYoungGen      total 70144K, used 33283K [0x00000000eb600000, 0x00000000f0100000, 0x0000000100000000)
  eden space 63488K, 41% used [0x00000000eb600000,0x00000000ed002998,0x00000000ef400000)
  from space 6656K, 99% used [0x00000000ef400000,0x00000000efa7e470,0x00000000efa80000)
  to   space 6144K, 0% used [0x00000000efb00000,0x00000000efb00000,0x00000000f0100000)
 ParOldGen       total 42496K, used 10404K [0x00000000c2200000, 0x00000000c4b80000, 0x00000000eb600000)
  object space 42496K, 24% used [0x00000000c2200000,0x00000000c2c29290,0x00000000c4b80000)
 Metaspace       used 15599K, capacity 16048K, committed 16384K, reserved 1062912K
  class space    used 1817K, capacity 1931K, committed 2048K, reserved 1048576K
GC Heap History (10 events):
Event: 0.452 GC heap before
{Heap before GC invocations=3 (full 0):
 PSYoungGen      total 18432K, used 18426K [0x00000000eb600000, 0x00000000eda00000, 0x0000000100000000)
  eden space 15872K, 100% used [0x00000000eb600000,0x00000000ec580000,0x00000000ec580000)
  from space 2560K, 99% used [0x00000000ec800000,0x00000000eca7e980,0x00000000eca80000)
  to   space 2560K, 0% used [0x00000000ec580000,0x00000000ec580000,0x00000000ec800000)
 ParOldGen       total 42496K, used 953K [0x00000000c2200000, 0x00000000c4b80000, 0x00000000eb600000)
  object space 42496K, 2% used [0x00000000c2200000,0x00000000c22ee498,0x00000000c4b80000)
 Metaspace       used 9798K, capacity 9960K, committed 10112K, reserved 1058816K
  class space    used 1253K, capacity 1313K, committed 1408K, reserved 1048576K
Event: 0.454 GC heap after
Heap after GC invocations=3 (full 0):
 PSYoungGen      total 18432K, used 2560K [0x00000000eb600000, 0x00000000eda00000, 0x0000000100000000)
  eden space 15872K, 0% used [0x00000000eb600000,0x00000000eb600000,0x00000000ec580000)
  from space 2560K, 100% used [0x00000000ec580000,0x00000000ec800000,0x00000000ec800000)
  to   space 2560K, 0% used [0x00000000ed780000,0x00000000ed780000,0x00000000eda00000)
 ParOldGen       total 42496K, used 2579K [0x00000000c2200000, 0x00000000c4b80000, 0x00000000eb600000)
  object space 42496K, 6% used [0x00000000c2200000,0x00000000c2484ff0,0x00000000c4b80000)
 Metaspace       used 9798K, capacity 9960K, committed 10112K, reserved 1058816K
  class space    used 1253K, capacity 1313K, committed 1408K, reserved 1048576K
}
Event: 0.634 GC heap before
{Heap before GC invocations=4 (full 0):
 PSYoungGen      total 18432K, used 18432K [0x00000000eb600000, 0x00000000eda00000, 0x0000000100000000)
  eden space 15872K, 100% used [0x00000000eb600000,0x00000000ec580000,0x00000000ec580000)
  from space 2560K, 100% used [0x00000000ec580000,0x00000000ec800000,0x00000000ec800000)
  to   space 2560K, 0% used [0x00000000ed780000,0x00000000ed780000,0x00000000eda00000)
 ParOldGen       total 42496K, used 2579K [0x00000000c2200000, 0x00000000c4b80000, 0x00000000eb600000)
  object space 42496K, 6% used [0x00000000c2200000,0x00000000c2484ff0,0x00000000c4b80000)
 Metaspace       used 12209K, capacity 12474K, committed 12672K, reserved 1060864K
  class space    used 1506K, capacity 1579K, committed 1664K, reserved 1048576K
Event: 0.638 GC heap after
Heap after GC invocations=4 (full 0):
 PSYoungGen      total 34304K, used 2528K [0x00000000eb600000, 0x00000000eda00000, 0x0000000100000000)
  eden space 31744K, 0% used [0x00000000eb600000,0x00000000eb600000,0x00000000ed500000)
  from space 2560K, 98% used [0x00000000ed780000,0x00000000ed9f8020,0x00000000eda00000)
  to   space 2560K, 0% used [0x00000000ed500000,0x00000000ed500000,0x00000000ed780000)
 ParOldGen       total 42496K, used 6216K [0x00000000c2200000, 0x00000000c4b80000, 0x00000000eb600000)
  object space 42496K, 14% used [0x00000000c2200000,0x00000000c28121c0,0x00000000c4b80000)
 Metaspace       used 12209K, capacity 12474K, committed 12672K, reserved 1060864K
  class space    used 1506K, capacity 1579K, committed 1664K, reserved 1048576K
}
Event: 0.831 GC heap before
{Heap before GC invocations=5 (full 0):
 PSYoungGen      total 34304K, used 34272K [0x00000000eb600000, 0x00000000eda00000, 0x0000000100000000)
  eden space 31744K, 100% used [0x00000000eb600000,0x00000000ed500000,0x00000000ed500000)
  from space 2560K, 98% used [0x00000000ed780000,0x00000000ed9f8020,0x00000000eda00000)
  to   space 2560K, 0% used [0x00000000ed500000,0x00000000ed500000,0x00000000ed780000)
 ParOldGen       total 42496K, used 6216K [0x00000000c2200000, 0x00000000c4b80000, 0x00000000eb600000)
  object space 42496K, 14% used [0x00000000c2200000,0x00000000c28121c0,0x00000000c4b80000)
 Metaspace       used 12770K, capacity 13042K, committed 13184K, reserved 1060864K
  class space    used 1546K, capacity 1615K, committed 1664K, reserved 1048576K
Event: 0.834 GC heap after
Heap after GC invocations=5 (full 0):
 PSYoungGen      total 34304K, used 2528K [0x00000000eb600000, 0x00000000f0200000, 0x0000000100000000)
  eden space 31744K, 0% used [0x00000000eb600000,0x00000000eb600000,0x00000000ed500000)
  from space 2560K, 98% used [0x00000000ed500000,0x00000000ed778020,0x00000000ed780000)
  to   space 7168K, 0% used [0x00000000efb00000,0x00000000efb00000,0x00000000f0200000)
 ParOldGen       total 42496K, used 9270K [0x00000000c2200000, 0x00000000c4b80000, 0x00000000eb600000)
  object space 42496K, 21% used [0x00000000c2200000,0x00000000c2b0d958,0x00000000c4b80000)
 Metaspace       used 12770K, capacity 13042K, committed 13184K, reserved 1060864K
  class space    used 1546K, capacity 1615K, committed 1664K, reserved 1048576K
}
Event: 0.988 GC heap before
{Heap before GC invocations=6 (full 0):
 PSYoungGen      total 34304K, used 34272K [0x00000000eb600000, 0x00000000f0200000, 0x0000000100000000)
  eden space 31744K, 100% used [0x00000000eb600000,0x00000000ed500000,0x00000000ed500000)
  from space 2560K, 98% used [0x00000000ed500000,0x00000000ed778020,0x00000000ed780000)
  to   space 7168K, 0% used [0x00000000efb00000,0x00000000efb00000,0x00000000f0200000)
 ParOldGen       total 42496K, used 9270K [0x00000000c2200000, 0x00000000c4b80000, 0x00000000eb600000)
  object space 42496K, 21% used [0x00000000c2200000,0x00000000c2b0d958,0x00000000c4b80000)
 Metaspace       used 13028K, capacity 13298K, committed 13440K, reserved 1060864K
  class space    used 1550K, capacity 1615K, committed 1664K, reserved 1048576K
Event: 0.991 GC heap after
Heap after GC invocations=6 (full 0):
 PSYoungGen      total 69632K, used 4176K [0x00000000eb600000, 0x00000000f0100000, 0x0000000100000000)
  eden space 63488K, 0% used [0x00000000eb600000,0x00000000eb600000,0x00000000ef400000)
  from space 6144K, 67% used [0x00000000efb00000,0x00000000eff14010,0x00000000f0100000)
  to   space 6656K, 0% used [0x00000000ef400000,0x00000000ef400000,0x00000000efa80000)
 ParOldGen       total 42496K, used 9278K [0x00000000c2200000, 0x00000000c4b80000, 0x00000000eb600000)
  object space 42496K, 21% used [0x00000000c2200000,0x00000000c2b0f958,0x00000000c4b80000)
 Metaspace       used 13028K, capacity 13298K, committed 13440K, reserved 1060864K
  class space    used 1550K, capacity 1615K, committed 1664K, reserved 1048576K
}
Event: 1.844 GC heap before
{Heap before GC invocations=7 (full 0):
 PSYoungGen      total 69632K, used 67664K [0x00000000eb600000, 0x00000000f0100000, 0x0000000100000000)
  eden space 63488K, 100% used [0x00000000eb600000,0x00000000ef400000,0x00000000ef400000)
  from space 6144K, 67% used [0x00000000efb00000,0x00000000eff14010,0x00000000f0100000)
  to   space 6656K, 0% used [0x00000000ef400000,0x00000000ef400000,0x00000000efa80000)
 ParOldGen       total 42496K, used 9278K [0x00000000c2200000, 0x00000000c4b80000, 0x00000000eb600000)
  object space 42496K, 21% used [0x00000000c2200000,0x00000000c2b0f958,0x00000000c4b80000)
 Metaspace       used 14267K, capacity 14680K, committed 14976K, reserved 1062912K
  class space    used 1682K, capacity 1800K, committed 1920K, reserved 1048576K
Event: 1.850 GC heap after
Heap after GC invocations=7 (full 0):
 PSYoungGen      total 70144K, used 6649K [0x00000000eb600000, 0x00000000f0100000, 0x0000000100000000)
  eden space 63488K, 0% used [0x00000000eb600000,0x00000000eb600000,0x00000000ef400000)
  from space 6656K, 99% used [0x00000000ef400000,0x00000000efa7e470,0x00000000efa80000)
  to   space 6144K, 0% used [0x00000000efb00000,0x00000000efb00000,0x00000000f0100000)
 ParOldGen       total 42496K, used 10404K [0x00000000c2200000, 0x00000000c4b80000, 0x00000000eb600000)
  object space 42496K, 24% used [0x00000000c2200000,0x00000000c2c29290,0x00000000c4b80000)
 Metaspace       used 14267K, capacity 14680K, committed 14976K, reserved 1062912K
  class space    used 1682K, capacity 1800K, committed 1920K, reserved 1048576K
}

